# JRE version: OpenJDK Runtime Environment (8.0_91-b14) (build 1.8.0_91-8u91-b14-3ubuntu1~16.04.1-b14)
# Java VM: OpenJDK 64-Bit Server VM (25.91-b14 mixed mode linux-amd64 compressed oops)
Heap:
 PSYoungGen      total 51712K, used 3552K [0x00000000e1f80000, 0x00000000e5580000, 0x0000000100000000)
  eden space 48128K, 0% used [0x00000000e1f80000,0x00000000e1f80000,0x00000000e4e80000)
  from space 3584K, 99% used [0x00000000e4e80000,0x00000000e51f8030,0x00000000e5200000)
  to   space 3584K, 0% used [0x00000000e5200000,0x00000000e5200000,0x00000000e5580000)
 ParOldGen       total 62976K, used 8703K [0x00000000a5e00000, 0x00000000a9b80000, 0x00000000e1f80000)
  object space 62976K, 13% used [0x00000000a5e00000,0x00000000a667fe28,0x00000000a9b80000)
 Metaspace       used 3535K, capacity 5144K, committed 5376K, reserved 1056768K
  class space    used 361K, capacity 456K, committed 512K, reserved 1048576K
GC Heap History (5 events):
Event: 0,690 GC heap before
{Heap before GC invocations=1 (full 0):
 PSYoungGen      total 27648K, used 24064K [0x00000000e1f80000, 0x00000000e3e00000, 0x0000000100000000)
  eden space 24064K, 100% used [0x00000000e1f80000,0x00000000e3700000,0x00000000e3700000)
  from space 3584K, 0% used [0x00000000e3a80000,0x00000000e3a80000,0x00000000e3e00000)
  to   space 3584K, 0% used [0x00000000e3700000,0x00000000e3700000,0x00000000e3a80000)
 ParOldGen       total 62976K, used 0K [0x00000000a5e00000, 0x00000000a9b80000, 0x00000000e1f80000)
  object space 62976K, 0% used [0x00000000a5e00000,0x00000000a5e00000,0x00000000a9b80000)
 Metaspace       used 3461K, capacity 5080K, committed 5376K, reserved 1056768K
  class space    used 357K, capacity 456K, committed 512K, reserved 1048576K
Event: 0,702 GC heap after
Heap after GC invocations=1 (full 0):
 PSYoungGen      total 27648K, used 3328K [0x00000000e1f80000, 0x00000000e5580000, 0x0000000100000000)
  eden space 24064K, 0% used [0x00000000e1f80000,0x00000000e1f80000,0x00000000e3700000)
  from space 3584K, 92% used [0x00000000e3700000,0x00000000e3a403b8,0x00000000e3a80000)
  to   space 3584K, 0% used [0x00000000e5200000,0x00000000e5200000,0x00000000e5580000)
 ParOldGen       total 62976K, used 8K [0x00000000a5e00000, 0x00000000a9b80000, 0x00000000e1f80000)
  object space 62976K, 0% used [0x00000000a5e00000,0x00000000a5e02000,0x00000000a9b80000)
 Metaspace       used 3461K, capacity 5080K, committed 5376K, reserved 1056768K
  class space    used 357K, capacity 456K, committed 512K, reserved 1048576K
}
Event: 1,183 GC heap before
{Heap before GC invocations=2 (full 0):
 PSYoungGen      total 27648K, used 27392K [0x00000000e1f80000, 0x00000000e5580000, 0x0000000100000000)
  eden space 24064K, 100% used [0x00000000e1f80000,0x00000000e3700000,0x00000000e3700000)
  from space 3584K, 92% used [0x00000000e3700000,0x00000000e3a403b8,0x00000000e3a80000)
  to   space 3584K, 0% used [0x00000000e5200000,0x00000000e5200000,0x00000000e5580000)
 ParOldGen       total 62976K, used 8K [0x00000000a5e00000, 0x00000000a9b80000, 0x00000000e1f80000)
  object space 62976K, 0% used [0x00000000a5e00000,0x00000000a5e02000,0x00000000a9b80000)
 Metaspace       used 3530K, capacity 5144K, committed 5376K, reserved 1056768K
  class space    used 361K, capacity 456K, committed 512K, reserved 1048576K
Event: 1,198 GC heap after
Heap after GC invocations=2 (full 0):
 PSYoungGen      total 51712K, used 3554K [0x00000000e1f80000, 0x00000000e5580000, 0x0000000100000000)
  eden space 48128K, 0% used [0x00000000e1f80000,0x00000000e1f80000,0x00000000e4e80000)
  from space 3584K, 99% used [0x00000000e5200000,0x00000000e5578920,0x00000000e5580000)
  to   space 3584K, 0% used [0x00000000e4e80000,0x00000000e4e80000,0x00000000e5200000)
 ParOldGen       total 62976K, used 1012K [0x00000000a5e00000, 0x00000000a9b80000, 0x00000000e1f80000)
  object space 62976K, 1% used [0x00000000a5e00000,0x00000000a5efd3f0,0x00000000a9b80000)
 Metaspace       used 3530K, capacity 5144K, committed 5376K, reserved 1056768K
  class space    used 361K, capacity 456K, committed 512K, reserved 1048576K
}
Event: 8,138 GC heap before
{Heap before GC invocations=3 (full 0):
 PSYoungGen      total 51712K, used 51682K [0x00000000e1f80000, 0x00000000e5580000, 0x0000000100000000)
  eden space 48128K, 100% used [0x00000000e1f80000,0x00000000e4e80000,0x00000000e4e80000)
  from space 3584K, 99% used [0x00000000e5200000,0x00000000e5578920,0x00000000e5580000)
  to   space 3584K, 0% used [0x00000000e4e80000,0x00000000e4e80000,0x00000000e5200000)
 ParOldGen       total 62976K, used 1012K [0x00000000a5e00000, 0x00000000a9b80000, 0x00000000e1f80000)
  object space 62976K, 1% used [0x00000000a5e00000,0x00000000a5efd3f0,0x00000000a9b80000)
 Metaspace       used 3535K, capacity 5144K, committed 5376K, reserved 1056768K
  class space    used 361K, capacity 456K, committed 512K, reserved 1048576K

